{"/Users/wood/Documents/Futureproof/2-Lap2/3-Project/habit_tracker_backend/server.js": {"path":"/Users/wood/Documents/Futureproof/2-Lap2/3-Project/habit_tracker_backend/server.js","statementMap":{"0":{"start":{"line":1,"column":16},"end":{"line":1,"column":34}},"1":{"start":{"line":2,"column":17},"end":{"line":2,"column":36}},"2":{"start":{"line":3,"column":15},"end":{"line":3,"column":32}},"3":{"start":{"line":4,"column":0},"end":{"line":4,"column":16}},"4":{"start":{"line":6,"column":15},"end":{"line":6,"column":24}},"5":{"start":{"line":7,"column":0},"end":{"line":7,"column":27}},"6":{"start":{"line":9,"column":11},"end":{"line":9,"column":26}},"7":{"start":{"line":10,"column":0},"end":{"line":10,"column":18}},"8":{"start":{"line":12,"column":0},"end":{"line":12,"column":123}},"9":{"start":{"line":14,"column":11},"end":{"line":14,"column":30}},"10":{"start":{"line":15,"column":0},"end":{"line":15,"column":66}},"11":{"start":{"line":16,"column":0},"end":{"line":16,"column":73}},"12":{"start":{"line":16,"column":22},"end":{"line":16,"column":71}},"13":{"start":{"line":18,"column":15},"end":{"line":18,"column":41}},"14":{"start":{"line":19,"column":0},"end":{"line":19,"column":29}},"15":{"start":{"line":20,"column":19},"end":{"line":20,"column":43}},"16":{"start":{"line":21,"column":0},"end":{"line":21,"column":32}},"17":{"start":{"line":23,"column":0},"end":{"line":25,"column":2}},"18":{"start":{"line":24,"column":4},"end":{"line":24,"column":52}},"19":{"start":{"line":27,"column":0},"end":{"line":27,"column":31}}},"fnMap":{"0":{"name":"(anonymous_0)","decl":{"start":{"line":16,"column":16},"end":{"line":16,"column":17}},"loc":{"start":{"line":16,"column":22},"end":{"line":16,"column":71}},"line":16},"1":{"name":"(anonymous_1)","decl":{"start":{"line":23,"column":16},"end":{"line":23,"column":17}},"loc":{"start":{"line":23,"column":30},"end":{"line":25,"column":1}},"line":23}},"branchMap":{},"s":{"0":3,"1":3,"2":3,"3":3,"4":3,"5":3,"6":3,"7":3,"8":3,"9":3,"10":3,"11":3,"12":2,"13":3,"14":3,"15":3,"16":3,"17":3,"18":2,"19":3},"f":{"0":2,"1":2},"b":{},"_coverageSchema":"1a1c01bbd47fc00a2c39e90264f33305004495a9","hash":"fb62837c1732d6a0b7291c76e9188fe8fe73e61e"}
,"/Users/wood/Documents/Futureproof/2-Lap2/3-Project/habit_tracker_backend/controllers/auth.js": {"path":"/Users/wood/Documents/Futureproof/2-Lap2/3-Project/habit_tracker_backend/controllers/auth.js","statementMap":{"0":{"start":{"line":1,"column":14},"end":{"line":1,"column":39}},"1":{"start":{"line":2,"column":15},"end":{"line":2,"column":34}},"2":{"start":{"line":3,"column":12},"end":{"line":3,"column":35}},"3":{"start":{"line":7,"column":4},"end":{"line":20,"column":5}},"4":{"start":{"line":9,"column":8},"end":{"line":9,"column":30}},"5":{"start":{"line":10,"column":8},"end":{"line":10,"column":40}},"6":{"start":{"line":11,"column":8},"end":{"line":11,"column":38}},"7":{"start":{"line":12,"column":8},"end":{"line":12,"column":40}},"8":{"start":{"line":13,"column":21},"end":{"line":13,"column":43}},"9":{"start":{"line":14,"column":23},"end":{"line":14,"column":65}},"10":{"start":{"line":15,"column":8},"end":{"line":15,"column":28}},"11":{"start":{"line":16,"column":21},"end":{"line":16,"column":72}},"12":{"start":{"line":17,"column":8},"end":{"line":17,"column":51}},"13":{"start":{"line":19,"column":8},"end":{"line":19,"column":36}},"14":{"start":{"line":24,"column":8},"end":{"line":44,"column":9}},"15":{"start":{"line":25,"column":25},"end":{"line":25,"column":74}},"16":{"start":{"line":26,"column":12},"end":{"line":26,"column":66}},"17":{"start":{"line":26,"column":23},"end":{"line":26,"column":64}},"18":{"start":{"line":27,"column":27},"end":{"line":27,"column":78}},"19":{"start":{"line":28,"column":12},"end":{"line":41,"column":13}},"20":{"start":{"line":29,"column":32},"end":{"line":29,"column":61}},"21":{"start":{"line":30,"column":34},"end":{"line":36,"column":17}},"22":{"start":{"line":31,"column":20},"end":{"line":31,"column":76}},"23":{"start":{"line":31,"column":31},"end":{"line":31,"column":75}},"24":{"start":{"line":32,"column":20},"end":{"line":35,"column":22}},"25":{"start":{"line":37,"column":30},"end":{"line":37,"column":96}},"26":{"start":{"line":38,"column":16},"end":{"line":38,"column":35}},"27":{"start":{"line":40,"column":16},"end":{"line":40,"column":66}},"28":{"start":{"line":43,"column":12},"end":{"line":43,"column":55}},"29":{"start":{"line":48,"column":0},"end":{"line":48,"column":35}}},"fnMap":{"0":{"name":"register","decl":{"start":{"line":6,"column":15},"end":{"line":6,"column":23}},"loc":{"start":{"line":6,"column":35},"end":{"line":21,"column":1}},"line":6},"1":{"name":"login","decl":{"start":{"line":23,"column":15},"end":{"line":23,"column":20}},"loc":{"start":{"line":23,"column":32},"end":{"line":45,"column":1}},"line":23},"2":{"name":"(anonymous_2)","decl":{"start":{"line":30,"column":34},"end":{"line":30,"column":35}},"loc":{"start":{"line":30,"column":52},"end":{"line":36,"column":17}},"line":30}},"branchMap":{"0":{"loc":{"start":{"line":26,"column":12},"end":{"line":26,"column":66}},"type":"if","locations":[{"start":{"line":26,"column":12},"end":{"line":26,"column":66}},{"start":{},"end":{}}],"line":26},"1":{"loc":{"start":{"line":28,"column":12},"end":{"line":41,"column":13}},"type":"if","locations":[{"start":{"line":28,"column":12},"end":{"line":41,"column":13}},{"start":{"line":39,"column":19},"end":{"line":41,"column":13}}],"line":28},"2":{"loc":{"start":{"line":31,"column":20},"end":{"line":31,"column":76}},"type":"if","locations":[{"start":{"line":31,"column":20},"end":{"line":31,"column":76}},{"start":{},"end":{}}],"line":31}},"s":{"0":3,"1":3,"2":3,"3":0,"4":0,"5":0,"6":0,"7":0,"8":0,"9":0,"10":0,"11":0,"12":0,"13":0,"14":0,"15":0,"16":0,"17":0,"18":0,"19":0,"20":0,"21":0,"22":0,"23":0,"24":0,"25":0,"26":0,"27":0,"28":0,"29":3},"f":{"0":0,"1":0,"2":0},"b":{"0":[0,0],"1":[0,0],"2":[0,0]},"_coverageSchema":"1a1c01bbd47fc00a2c39e90264f33305004495a9","hash":"fddd027f25292e5ec31e589dfa854cd6ce3eb01c"}
,"/Users/wood/Documents/Futureproof/2-Lap2/3-Project/habit_tracker_backend/controllers/habits.js": {"path":"/Users/wood/Documents/Futureproof/2-Lap2/3-Project/habit_tracker_backend/controllers/habits.js","statementMap":{"0":{"start":{"line":1,"column":14},"end":{"line":1,"column":39}},"1":{"start":{"line":5,"column":4},"end":{"line":10,"column":5}},"2":{"start":{"line":6,"column":23},"end":{"line":6,"column":43}},"3":{"start":{"line":7,"column":8},"end":{"line":7,"column":36}},"4":{"start":{"line":9,"column":8},"end":{"line":9,"column":35}},"5":{"start":{"line":15,"column":4},"end":{"line":20,"column":5}},"6":{"start":{"line":16,"column":21},"end":{"line":16,"column":72}},"7":{"start":{"line":17,"column":8},"end":{"line":17,"column":34}},"8":{"start":{"line":19,"column":8},"end":{"line":19,"column":35}},"9":{"start":{"line":25,"column":4},"end":{"line":30,"column":5}},"10":{"start":{"line":26,"column":22},"end":{"line":26,"column":57}},"11":{"start":{"line":27,"column":8},"end":{"line":27,"column":35}},"12":{"start":{"line":29,"column":8},"end":{"line":29,"column":35}},"13":{"start":{"line":42,"column":4},"end":{"line":47,"column":5}},"14":{"start":{"line":43,"column":21},"end":{"line":43,"column":72}},"15":{"start":{"line":44,"column":8},"end":{"line":44,"column":41}},"16":{"start":{"line":46,"column":8},"end":{"line":46,"column":26}},"17":{"start":{"line":51,"column":4},"end":{"line":83,"column":5}},"18":{"start":{"line":52,"column":22},"end":{"line":52,"column":35}},"19":{"start":{"line":54,"column":20},"end":{"line":54,"column":25}},"20":{"start":{"line":55,"column":21},"end":{"line":55,"column":29}},"21":{"start":{"line":56,"column":22},"end":{"line":56,"column":30}},"22":{"start":{"line":57,"column":21},"end":{"line":57,"column":86}},"23":{"start":{"line":58,"column":8},"end":{"line":69,"column":10}},"24":{"start":{"line":59,"column":12},"end":{"line":68,"column":13}},"25":{"start":{"line":60,"column":16},"end":{"line":60,"column":45}},"26":{"start":{"line":61,"column":16},"end":{"line":61,"column":54}},"27":{"start":{"line":62,"column":19},"end":{"line":68,"column":13}},"28":{"start":{"line":63,"column":16},"end":{"line":63,"column":45}},"29":{"start":{"line":64,"column":16},"end":{"line":64,"column":54}},"30":{"start":{"line":65,"column":19},"end":{"line":68,"column":13}},"31":{"start":{"line":66,"column":16},"end":{"line":66,"column":45}},"32":{"start":{"line":67,"column":16},"end":{"line":67,"column":54}},"33":{"start":{"line":70,"column":24},"end":{"line":72,"column":11}},"34":{"start":{"line":73,"column":28},"end":{"line":73,"column":93}},"35":{"start":{"line":76,"column":8},"end":{"line":80,"column":9}},"36":{"start":{"line":77,"column":12},"end":{"line":77,"column":59}},"37":{"start":{"line":79,"column":12},"end":{"line":79,"column":46}},"38":{"start":{"line":82,"column":8},"end":{"line":82,"column":26}},"39":{"start":{"line":88,"column":4},"end":{"line":112,"column":5}},"40":{"start":{"line":90,"column":25},"end":{"line":96,"column":9}},"41":{"start":{"line":97,"column":21},"end":{"line":97,"column":86}},"42":{"start":{"line":98,"column":8},"end":{"line":98,"column":34}},"43":{"start":{"line":99,"column":8},"end":{"line":99,"column":41}},"44":{"start":{"line":100,"column":28},"end":{"line":102,"column":11}},"45":{"start":{"line":103,"column":8},"end":{"line":103,"column":41}},"46":{"start":{"line":109,"column":8},"end":{"line":109,"column":34}},"47":{"start":{"line":111,"column":8},"end":{"line":111,"column":26}},"48":{"start":{"line":116,"column":4},"end":{"line":129,"column":5}},"49":{"start":{"line":117,"column":22},"end":{"line":117,"column":35}},"50":{"start":{"line":118,"column":21},"end":{"line":118,"column":86}},"51":{"start":{"line":122,"column":24},"end":{"line":122,"column":52}},"52":{"start":{"line":123,"column":28},"end":{"line":125,"column":11}},"53":{"start":{"line":126,"column":8},"end":{"line":126,"column":45}},"54":{"start":{"line":128,"column":8},"end":{"line":128,"column":26}},"55":{"start":{"line":133,"column":4},"end":{"line":147,"column":5}},"56":{"start":{"line":134,"column":22},"end":{"line":134,"column":35}},"57":{"start":{"line":135,"column":21},"end":{"line":135,"column":86}},"58":{"start":{"line":136,"column":8},"end":{"line":136,"column":26}},"59":{"start":{"line":137,"column":8},"end":{"line":137,"column":46}},"60":{"start":{"line":138,"column":8},"end":{"line":138,"column":36}},"61":{"start":{"line":139,"column":8},"end":{"line":139,"column":59}},"62":{"start":{"line":140,"column":8},"end":{"line":140,"column":33}},"63":{"start":{"line":141,"column":28},"end":{"line":143,"column":11}},"64":{"start":{"line":144,"column":8},"end":{"line":144,"column":41}},"65":{"start":{"line":146,"column":8},"end":{"line":146,"column":26}},"66":{"start":{"line":153,"column":4},"end":{"line":164,"column":5}},"67":{"start":{"line":154,"column":22},"end":{"line":154,"column":35}},"68":{"start":{"line":155,"column":26},"end":{"line":155,"column":44}},"69":{"start":{"line":156,"column":21},"end":{"line":156,"column":86}},"70":{"start":{"line":157,"column":8},"end":{"line":157,"column":48}},"71":{"start":{"line":158,"column":28},"end":{"line":160,"column":7}},"72":{"start":{"line":161,"column":4},"end":{"line":161,"column":37}},"73":{"start":{"line":163,"column":8},"end":{"line":163,"column":26}},"74":{"start":{"line":167,"column":0},"end":{"line":178,"column":1}}},"fnMap":{"0":{"name":"getAll","decl":{"start":{"line":4,"column":15},"end":{"line":4,"column":21}},"loc":{"start":{"line":4,"column":33},"end":{"line":11,"column":1}},"line":4},"1":{"name":"show","decl":{"start":{"line":14,"column":15},"end":{"line":14,"column":19}},"loc":{"start":{"line":14,"column":31},"end":{"line":21,"column":1}},"line":14},"2":{"name":"create","decl":{"start":{"line":24,"column":15},"end":{"line":24,"column":21}},"loc":{"start":{"line":24,"column":33},"end":{"line":31,"column":1}},"line":24},"3":{"name":"getHabits","decl":{"start":{"line":41,"column":15},"end":{"line":41,"column":24}},"loc":{"start":{"line":41,"column":34},"end":{"line":48,"column":1}},"line":41},"4":{"name":"getHabit","decl":{"start":{"line":50,"column":15},"end":{"line":50,"column":23}},"loc":{"start":{"line":50,"column":33},"end":{"line":84,"column":1}},"line":50},"5":{"name":"(anonymous_5)","decl":{"start":{"line":58,"column":28},"end":{"line":58,"column":29}},"loc":{"start":{"line":58,"column":34},"end":{"line":69,"column":9}},"line":58},"6":{"name":"editHabit","decl":{"start":{"line":87,"column":15},"end":{"line":87,"column":24}},"loc":{"start":{"line":87,"column":36},"end":{"line":113,"column":1}},"line":87},"7":{"name":"deleteHabit","decl":{"start":{"line":115,"column":15},"end":{"line":115,"column":26}},"loc":{"start":{"line":115,"column":36},"end":{"line":130,"column":1}},"line":115},"8":{"name":"completed","decl":{"start":{"line":132,"column":15},"end":{"line":132,"column":24}},"loc":{"start":{"line":132,"column":34},"end":{"line":148,"column":1}},"line":132},"9":{"name":"frequency","decl":{"start":{"line":152,"column":15},"end":{"line":152,"column":24}},"loc":{"start":{"line":152,"column":34},"end":{"line":165,"column":1}},"line":152}},"branchMap":{"0":{"loc":{"start":{"line":59,"column":12},"end":{"line":68,"column":13}},"type":"if","locations":[{"start":{"line":59,"column":12},"end":{"line":68,"column":13}},{"start":{"line":62,"column":19},"end":{"line":68,"column":13}}],"line":59},"1":{"loc":{"start":{"line":59,"column":16},"end":{"line":59,"column":115}},"type":"binary-expr","locations":[{"start":{"line":59,"column":16},"end":{"line":59,"column":55}},{"start":{"line":59,"column":59},"end":{"line":59,"column":115}}],"line":59},"2":{"loc":{"start":{"line":62,"column":19},"end":{"line":68,"column":13}},"type":"if","locations":[{"start":{"line":62,"column":19},"end":{"line":68,"column":13}},{"start":{"line":65,"column":19},"end":{"line":68,"column":13}}],"line":62},"3":{"loc":{"start":{"line":62,"column":23},"end":{"line":62,"column":124}},"type":"binary-expr","locations":[{"start":{"line":62,"column":23},"end":{"line":62,"column":63}},{"start":{"line":62,"column":67},"end":{"line":62,"column":124}}],"line":62},"4":{"loc":{"start":{"line":65,"column":19},"end":{"line":68,"column":13}},"type":"if","locations":[{"start":{"line":65,"column":19},"end":{"line":68,"column":13}},{"start":{},"end":{}}],"line":65},"5":{"loc":{"start":{"line":65,"column":23},"end":{"line":65,"column":126}},"type":"binary-expr","locations":[{"start":{"line":65,"column":23},"end":{"line":65,"column":64}},{"start":{"line":65,"column":68},"end":{"line":65,"column":126}}],"line":65},"6":{"loc":{"start":{"line":76,"column":8},"end":{"line":80,"column":9}},"type":"if","locations":[{"start":{"line":76,"column":8},"end":{"line":80,"column":9}},{"start":{"line":78,"column":15},"end":{"line":80,"column":9}}],"line":76},"7":{"loc":{"start":{"line":76,"column":11},"end":{"line":76,"column":58}},"type":"binary-expr","locations":[{"start":{"line":76,"column":11},"end":{"line":76,"column":21}},{"start":{"line":76,"column":25},"end":{"line":76,"column":58}}],"line":76}},"s":{"0":3,"1":0,"2":0,"3":0,"4":0,"5":0,"6":0,"7":0,"8":0,"9":0,"10":0,"11":0,"12":0,"13":0,"14":0,"15":0,"16":0,"17":0,"18":0,"19":0,"20":0,"21":0,"22":0,"23":0,"24":0,"25":0,"26":0,"27":0,"28":0,"29":0,"30":0,"31":0,"32":0,"33":0,"34":0,"35":0,"36":0,"37":0,"38":0,"39":0,"40":0,"41":0,"42":0,"43":0,"44":0,"45":0,"46":0,"47":0,"48":0,"49":0,"50":0,"51":0,"52":0,"53":0,"54":0,"55":0,"56":0,"57":0,"58":0,"59":0,"60":0,"61":0,"62":0,"63":0,"64":0,"65":0,"66":0,"67":0,"68":0,"69":0,"70":0,"71":0,"72":0,"73":0,"74":3},"f":{"0":0,"1":0,"2":0,"3":0,"4":0,"5":0,"6":0,"7":0,"8":0,"9":0},"b":{"0":[0,0],"1":[0,0],"2":[0,0],"3":[0,0],"4":[0,0],"5":[0,0],"6":[0,0],"7":[0,0]},"_coverageSchema":"1a1c01bbd47fc00a2c39e90264f33305004495a9","hash":"70935c80d9dff3dd3059c532658f0e5eb51dc1ef"}
,"/Users/wood/Documents/Futureproof/2-Lap2/3-Project/habit_tracker_backend/model/model.js": {"path":"/Users/wood/Documents/Futureproof/2-Lap2/3-Project/habit_tracker_backend/model/model.js","statementMap":{"0":{"start":{"line":1,"column":17},"end":{"line":1,"column":36}},"1":{"start":{"line":2,"column":15},"end":{"line":2,"column":32}},"2":{"start":{"line":4,"column":20},"end":{"line":25,"column":2}},"3":{"start":{"line":27,"column":18},"end":{"line":27,"column":21}},"4":{"start":{"line":28,"column":19},"end":{"line":28,"column":24}},"5":{"start":{"line":29,"column":15},"end":{"line":29,"column":23}},"6":{"start":{"line":30,"column":17},"end":{"line":30,"column":22}},"7":{"start":{"line":32,"column":0},"end":{"line":37,"column":2}},"8":{"start":{"line":33,"column":2},"end":{"line":33,"column":53}},"9":{"start":{"line":34,"column":2},"end":{"line":36,"column":24}},"10":{"start":{"line":39,"column":0},"end":{"line":44,"column":2}},"11":{"start":{"line":40,"column":15},"end":{"line":42,"column":23}},"12":{"start":{"line":43,"column":2},"end":{"line":43,"column":28}},"13":{"start":{"line":46,"column":14},"end":{"line":46,"column":50}},"14":{"start":{"line":48,"column":0},"end":{"line":48,"column":23}}},"fnMap":{"0":{"name":"(anonymous_0)","decl":{"start":{"line":32,"column":34},"end":{"line":32,"column":35}},"loc":{"start":{"line":32,"column":54},"end":{"line":37,"column":1}},"line":32},"1":{"name":"(anonymous_1)","decl":{"start":{"line":39,"column":39},"end":{"line":39,"column":40}},"loc":{"start":{"line":39,"column":59},"end":{"line":44,"column":1}},"line":39}},"branchMap":{},"s":{"0":4,"1":4,"2":4,"3":4,"4":4,"5":4,"6":4,"7":4,"8":1,"9":1,"10":4,"11":0,"12":0,"13":4,"14":4},"f":{"0":1,"1":0},"b":{},"_coverageSchema":"1a1c01bbd47fc00a2c39e90264f33305004495a9","hash":"c1f2101c7097447fbb22464ec8ffcbe93e94152d"}
,"/Users/wood/Documents/Futureproof/2-Lap2/3-Project/habit_tracker_backend/routes/auth.js": {"path":"/Users/wood/Documents/Futureproof/2-Lap2/3-Project/habit_tracker_backend/routes/auth.js","statementMap":{"0":{"start":{"line":1,"column":16},"end":{"line":1,"column":34}},"1":{"start":{"line":2,"column":15},"end":{"line":2,"column":31}},"2":{"start":{"line":3,"column":23},"end":{"line":3,"column":53}},"3":{"start":{"line":6,"column":0},"end":{"line":6,"column":50}},"4":{"start":{"line":7,"column":0},"end":{"line":7,"column":44}},"5":{"start":{"line":11,"column":0},"end":{"line":11,"column":24}}},"fnMap":{},"branchMap":{},"s":{"0":3,"1":3,"2":3,"3":3,"4":3,"5":3},"f":{},"b":{},"_coverageSchema":"1a1c01bbd47fc00a2c39e90264f33305004495a9","hash":"ba1f35441fd17a623ef58fb1d28bfadd0dd90f7b"}
,"/Users/wood/Documents/Futureproof/2-Lap2/3-Project/habit_tracker_backend/routes/routes.js": {"path":"/Users/wood/Documents/Futureproof/2-Lap2/3-Project/habit_tracker_backend/routes/routes.js","statementMap":{"0":{"start":{"line":1,"column":16},"end":{"line":1,"column":34}},"1":{"start":{"line":2,"column":15},"end":{"line":2,"column":31}},"2":{"start":{"line":3,"column":25},"end":{"line":3,"column":57}},"3":{"start":{"line":4,"column":12},"end":{"line":4,"column":35}},"4":{"start":{"line":6,"column":0},"end":{"line":6,"column":41}},"5":{"start":{"line":7,"column":0},"end":{"line":7,"column":55}},"6":{"start":{"line":9,"column":0},"end":{"line":9,"column":61}},"7":{"start":{"line":10,"column":0},"end":{"line":10,"column":59}},"8":{"start":{"line":11,"column":0},"end":{"line":11,"column":75}},"9":{"start":{"line":12,"column":0},"end":{"line":12,"column":74}},"10":{"start":{"line":13,"column":0},"end":{"line":13,"column":88}},"11":{"start":{"line":14,"column":0},"end":{"line":14,"column":88}},"12":{"start":{"line":15,"column":0},"end":{"line":15,"column":81}},"13":{"start":{"line":18,"column":18},"end":{"line":18,"column":46}},"14":{"start":{"line":21,"column":4},"end":{"line":21,"column":32}},"15":{"start":{"line":22,"column":4},"end":{"line":33,"column":5}},"16":{"start":{"line":23,"column":8},"end":{"line":30,"column":10}},"17":{"start":{"line":24,"column":12},"end":{"line":29,"column":13}},"18":{"start":{"line":25,"column":16},"end":{"line":25,"column":60}},"19":{"start":{"line":27,"column":16},"end":{"line":27,"column":36}},"20":{"start":{"line":28,"column":16},"end":{"line":28,"column":23}},"21":{"start":{"line":32,"column":8},"end":{"line":32,"column":52}},"22":{"start":{"line":36,"column":0},"end":{"line":36,"column":24}}},"fnMap":{"0":{"name":"verifyToken","decl":{"start":{"line":17,"column":9},"end":{"line":17,"column":20}},"loc":{"start":{"line":17,"column":37},"end":{"line":34,"column":1}},"line":17},"1":{"name":"(anonymous_1)","decl":{"start":{"line":23,"column":46},"end":{"line":23,"column":47}},"loc":{"start":{"line":23,"column":67},"end":{"line":30,"column":9}},"line":23}},"branchMap":{"0":{"loc":{"start":{"line":22,"column":4},"end":{"line":33,"column":5}},"type":"if","locations":[{"start":{"line":22,"column":4},"end":{"line":33,"column":5}},{"start":{"line":31,"column":11},"end":{"line":33,"column":5}}],"line":22},"1":{"loc":{"start":{"line":24,"column":12},"end":{"line":29,"column":13}},"type":"if","locations":[{"start":{"line":24,"column":12},"end":{"line":29,"column":13}},{"start":{"line":26,"column":19},"end":{"line":29,"column":13}}],"line":24}},"s":{"0":3,"1":3,"2":3,"3":3,"4":3,"5":3,"6":3,"7":3,"8":3,"9":3,"10":3,"11":3,"12":3,"13":0,"14":0,"15":0,"16":0,"17":0,"18":0,"19":0,"20":0,"21":0,"22":3},"f":{"0":0,"1":0},"b":{"0":[0,0],"1":[0,0]},"_coverageSchema":"1a1c01bbd47fc00a2c39e90264f33305004495a9","hash":"c6b35c7c760271579dc3246689dc155558a3fd61"}
,"/Users/wood/Documents/Futureproof/2-Lap2/3-Project/habit_tracker_backend/test/config.js": {"path":"/Users/wood/Documents/Futureproof/2-Lap2/3-Project/habit_tracker_backend/test/config.js","statementMap":{"0":{"start":{"line":1,"column":17},"end":{"line":1,"column":36}},"1":{"start":{"line":2,"column":30},"end":{"line":2,"column":62}},"2":{"start":{"line":10,"column":13},"end":{"line":13,"column":1}},"3":{"start":{"line":16,"column":16},"end":{"line":30,"column":1}},"4":{"start":{"line":19,"column":4},"end":{"line":19,"column":32}},"5":{"start":{"line":22,"column":4},"end":{"line":22,"column":51}},"6":{"start":{"line":24,"column":21},"end":{"line":24,"column":47}},"7":{"start":{"line":25,"column":4},"end":{"line":29,"column":7}},"8":{"start":{"line":26,"column":8},"end":{"line":28,"column":9}},"9":{"start":{"line":27,"column":12},"end":{"line":27,"column":31}},"10":{"start":{"line":33,"column":14},"end":{"line":41,"column":1}},"11":{"start":{"line":40,"column":4},"end":{"line":40,"column":45}},"12":{"start":{"line":43,"column":14},"end":{"line":46,"column":1}},"13":{"start":{"line":44,"column":4},"end":{"line":44,"column":32}},"14":{"start":{"line":45,"column":4},"end":{"line":45,"column":29}},"15":{"start":{"line":48,"column":0},"end":{"line":52,"column":2}}},"fnMap":{"0":{"name":"(anonymous_0)","decl":{"start":{"line":16,"column":16},"end":{"line":16,"column":17}},"loc":{"start":{"line":16,"column":28},"end":{"line":30,"column":1}},"line":16},"1":{"name":"(anonymous_1)","decl":{"start":{"line":25,"column":43},"end":{"line":25,"column":44}},"loc":{"start":{"line":25,"column":50},"end":{"line":29,"column":5}},"line":25},"2":{"name":"(anonymous_2)","decl":{"start":{"line":33,"column":14},"end":{"line":33,"column":15}},"loc":{"start":{"line":33,"column":26},"end":{"line":41,"column":1}},"line":33},"3":{"name":"(anonymous_3)","decl":{"start":{"line":43,"column":14},"end":{"line":43,"column":15}},"loc":{"start":{"line":43,"column":26},"end":{"line":46,"column":1}},"line":43}},"branchMap":{"0":{"loc":{"start":{"line":26,"column":8},"end":{"line":28,"column":9}},"type":"if","locations":[{"start":{"line":26,"column":8},"end":{"line":28,"column":9}},{"start":{},"end":{}}],"line":26}},"s":{"0":3,"1":3,"2":3,"3":3,"4":3,"5":3,"6":3,"7":3,"8":3,"9":0,"10":3,"11":10,"12":3,"13":3,"14":3,"15":3},"f":{"0":3,"1":3,"2":10,"3":3},"b":{"0":[0,3]},"_coverageSchema":"1a1c01bbd47fc00a2c39e90264f33305004495a9","hash":"124a54c171f2dd88c00ac14598b19878dde631b1"}
}
