{"/Users/wood/Documents/Futureproof/2-Lap2/3-Project/habit_tracker_backend/controllers/habits.js": {"path":"/Users/wood/Documents/Futureproof/2-Lap2/3-Project/habit_tracker_backend/controllers/habits.js","statementMap":{"0":{"start":{"line":1,"column":14},"end":{"line":1,"column":39}},"1":{"start":{"line":5,"column":4},"end":{"line":10,"column":5}},"2":{"start":{"line":6,"column":23},"end":{"line":6,"column":43}},"3":{"start":{"line":7,"column":8},"end":{"line":7,"column":36}},"4":{"start":{"line":9,"column":8},"end":{"line":9,"column":35}},"5":{"start":{"line":15,"column":4},"end":{"line":20,"column":5}},"6":{"start":{"line":16,"column":21},"end":{"line":16,"column":72}},"7":{"start":{"line":17,"column":8},"end":{"line":17,"column":34}},"8":{"start":{"line":19,"column":8},"end":{"line":19,"column":35}},"9":{"start":{"line":25,"column":4},"end":{"line":30,"column":5}},"10":{"start":{"line":26,"column":22},"end":{"line":26,"column":57}},"11":{"start":{"line":27,"column":8},"end":{"line":27,"column":35}},"12":{"start":{"line":29,"column":8},"end":{"line":29,"column":35}},"13":{"start":{"line":34,"column":8},"end":{"line":38,"column":9}},"14":{"start":{"line":42,"column":4},"end":{"line":47,"column":5}},"15":{"start":{"line":43,"column":21},"end":{"line":43,"column":72}},"16":{"start":{"line":44,"column":8},"end":{"line":44,"column":41}},"17":{"start":{"line":46,"column":8},"end":{"line":46,"column":26}},"18":{"start":{"line":51,"column":4},"end":{"line":62,"column":5}},"19":{"start":{"line":52,"column":22},"end":{"line":52,"column":39}},"20":{"start":{"line":53,"column":21},"end":{"line":53,"column":86}},"21":{"start":{"line":55,"column":8},"end":{"line":59,"column":9}},"22":{"start":{"line":56,"column":12},"end":{"line":56,"column":52}},"23":{"start":{"line":58,"column":12},"end":{"line":58,"column":45}},"24":{"start":{"line":61,"column":8},"end":{"line":61,"column":26}},"25":{"start":{"line":67,"column":4},"end":{"line":76,"column":5}},"26":{"start":{"line":68,"column":22},"end":{"line":68,"column":39}},"27":{"start":{"line":69,"column":21},"end":{"line":71,"column":10}},"28":{"start":{"line":73,"column":8},"end":{"line":73,"column":34}},"29":{"start":{"line":75,"column":8},"end":{"line":75,"column":26}},"30":{"start":{"line":80,"column":4},"end":{"line":90,"column":5}},"31":{"start":{"line":81,"column":22},"end":{"line":81,"column":39}},"32":{"start":{"line":82,"column":21},"end":{"line":82,"column":81}},"33":{"start":{"line":83,"column":23},"end":{"line":83,"column":37}},"34":{"start":{"line":85,"column":24},"end":{"line":85,"column":47}},"35":{"start":{"line":87,"column":8},"end":{"line":87,"column":43}},"36":{"start":{"line":89,"column":8},"end":{"line":89,"column":26}},"37":{"start":{"line":93,"column":0},"end":{"line":102,"column":1}}},"fnMap":{"0":{"name":"getAll","decl":{"start":{"line":4,"column":15},"end":{"line":4,"column":21}},"loc":{"start":{"line":4,"column":33},"end":{"line":11,"column":1}},"line":4},"1":{"name":"show","decl":{"start":{"line":14,"column":15},"end":{"line":14,"column":19}},"loc":{"start":{"line":14,"column":31},"end":{"line":21,"column":1}},"line":14},"2":{"name":"create","decl":{"start":{"line":24,"column":15},"end":{"line":24,"column":21}},"loc":{"start":{"line":24,"column":33},"end":{"line":31,"column":1}},"line":24},"3":{"name":"destroy","decl":{"start":{"line":33,"column":15},"end":{"line":33,"column":22}},"loc":{"start":{"line":33,"column":34},"end":{"line":39,"column":1}},"line":33},"4":{"name":"getHabits","decl":{"start":{"line":41,"column":15},"end":{"line":41,"column":24}},"loc":{"start":{"line":41,"column":34},"end":{"line":48,"column":1}},"line":41},"5":{"name":"getHabit","decl":{"start":{"line":50,"column":15},"end":{"line":50,"column":23}},"loc":{"start":{"line":50,"column":33},"end":{"line":63,"column":1}},"line":50},"6":{"name":"editHabit","decl":{"start":{"line":66,"column":15},"end":{"line":66,"column":24}},"loc":{"start":{"line":66,"column":36},"end":{"line":77,"column":1}},"line":66},"7":{"name":"deleteHabit","decl":{"start":{"line":79,"column":15},"end":{"line":79,"column":26}},"loc":{"start":{"line":79,"column":36},"end":{"line":91,"column":1}},"line":79}},"branchMap":{"0":{"loc":{"start":{"line":55,"column":8},"end":{"line":59,"column":9}},"type":"if","locations":[{"start":{"line":55,"column":8},"end":{"line":59,"column":9}},{"start":{"line":57,"column":15},"end":{"line":59,"column":9}}],"line":55},"1":{"loc":{"start":{"line":55,"column":11},"end":{"line":55,"column":51}},"type":"binary-expr","locations":[{"start":{"line":55,"column":11},"end":{"line":55,"column":21}},{"start":{"line":55,"column":25},"end":{"line":55,"column":51}}],"line":55}},"s":{"0":1,"1":1,"2":1,"3":0,"4":0,"5":0,"6":0,"7":0,"8":0,"9":0,"10":0,"11":0,"12":0,"13":0,"14":0,"15":0,"16":0,"17":0,"18":0,"19":0,"20":0,"21":0,"22":0,"23":0,"24":0,"25":0,"26":0,"27":0,"28":0,"29":0,"30":0,"31":0,"32":0,"33":0,"34":0,"35":0,"36":0,"37":1},"f":{"0":1,"1":0,"2":0,"3":0,"4":0,"5":0,"6":0,"7":0},"b":{"0":[0,0],"1":[0,0]},"_coverageSchema":"1a1c01bbd47fc00a2c39e90264f33305004495a9","hash":"36091b8995047aa941366cc76763beaacd27f3d4"}
,"/Users/wood/Documents/Futureproof/2-Lap2/3-Project/habit_tracker_backend/model/model.js": {"path":"/Users/wood/Documents/Futureproof/2-Lap2/3-Project/habit_tracker_backend/model/model.js","statementMap":{"0":{"start":{"line":1,"column":17},"end":{"line":1,"column":36}},"1":{"start":{"line":3,"column":20},"end":{"line":22,"column":2}},"2":{"start":{"line":24,"column":14},"end":{"line":24,"column":50}},"3":{"start":{"line":26,"column":0},"end":{"line":26,"column":23}}},"fnMap":{},"branchMap":{},"s":{"0":2,"1":2,"2":2,"3":2},"f":{},"b":{},"_coverageSchema":"1a1c01bbd47fc00a2c39e90264f33305004495a9","hash":"e2e4a988b9a96598119350aa77bae180033983bd"}
,"/Users/wood/Documents/Futureproof/2-Lap2/3-Project/habit_tracker_backend/test/config.js": {"path":"/Users/wood/Documents/Futureproof/2-Lap2/3-Project/habit_tracker_backend/test/config.js","statementMap":{"0":{"start":{"line":1,"column":17},"end":{"line":1,"column":36}},"1":{"start":{"line":2,"column":30},"end":{"line":2,"column":62}},"2":{"start":{"line":7,"column":13},"end":{"line":10,"column":1}},"3":{"start":{"line":12,"column":16},"end":{"line":24,"column":1}},"4":{"start":{"line":15,"column":4},"end":{"line":15,"column":32}},"5":{"start":{"line":17,"column":4},"end":{"line":17,"column":51}},"6":{"start":{"line":18,"column":21},"end":{"line":18,"column":47}},"7":{"start":{"line":19,"column":4},"end":{"line":23,"column":7}},"8":{"start":{"line":20,"column":8},"end":{"line":22,"column":9}},"9":{"start":{"line":21,"column":12},"end":{"line":21,"column":31}},"10":{"start":{"line":26,"column":14},"end":{"line":32,"column":1}},"11":{"start":{"line":27,"column":24},"end":{"line":27,"column":55}},"12":{"start":{"line":28,"column":4},"end":{"line":31,"column":5}},"13":{"start":{"line":29,"column":27},"end":{"line":29,"column":43}},"14":{"start":{"line":30,"column":8},"end":{"line":30,"column":38}},"15":{"start":{"line":33,"column":14},"end":{"line":36,"column":1}},"16":{"start":{"line":34,"column":4},"end":{"line":34,"column":32}},"17":{"start":{"line":35,"column":4},"end":{"line":35,"column":29}},"18":{"start":{"line":37,"column":0},"end":{"line":41,"column":2}}},"fnMap":{"0":{"name":"(anonymous_0)","decl":{"start":{"line":12,"column":16},"end":{"line":12,"column":17}},"loc":{"start":{"line":12,"column":28},"end":{"line":24,"column":1}},"line":12},"1":{"name":"(anonymous_1)","decl":{"start":{"line":19,"column":43},"end":{"line":19,"column":44}},"loc":{"start":{"line":19,"column":50},"end":{"line":23,"column":5}},"line":19},"2":{"name":"(anonymous_2)","decl":{"start":{"line":26,"column":14},"end":{"line":26,"column":15}},"loc":{"start":{"line":26,"column":26},"end":{"line":32,"column":1}},"line":26},"3":{"name":"(anonymous_3)","decl":{"start":{"line":33,"column":14},"end":{"line":33,"column":15}},"loc":{"start":{"line":33,"column":26},"end":{"line":36,"column":1}},"line":33}},"branchMap":{"0":{"loc":{"start":{"line":20,"column":8},"end":{"line":22,"column":9}},"type":"if","locations":[{"start":{"line":20,"column":8},"end":{"line":22,"column":9}},{"start":{},"end":{}}],"line":20}},"s":{"0":1,"1":1,"2":1,"3":1,"4":0,"5":0,"6":0,"7":0,"8":0,"9":0,"10":1,"11":0,"12":0,"13":0,"14":0,"15":1,"16":0,"17":0,"18":1},"f":{"0":0,"1":0,"2":0,"3":0},"b":{"0":[0,0]},"_coverageSchema":"1a1c01bbd47fc00a2c39e90264f33305004495a9","hash":"64cc9c33059ba95f4c17a48389d5e81b8d4f4fe4"}
,"/Users/wood/Documents/Futureproof/2-Lap2/3-Project/habit_tracker_backend/test/models/setuptestdb.js": {"path":"/Users/wood/Documents/Futureproof/2-Lap2/3-Project/habit_tracker_backend/test/models/setuptestdb.js","statementMap":{"0":{"start":{"line":1,"column":17},"end":{"line":1,"column":36}},"1":{"start":{"line":2,"column":30},"end":{"line":2,"column":62}},"2":{"start":{"line":4,"column":20},"end":{"line":4,"column":43}},"3":{"start":{"line":27,"column":18},"end":{"line":35,"column":1}},"4":{"start":{"line":28,"column":2},"end":{"line":28,"column":43}},"5":{"start":{"line":29,"column":14},"end":{"line":29,"column":28}},"6":{"start":{"line":31,"column":2},"end":{"line":34,"column":5}},"7":{"start":{"line":37,"column":15},"end":{"line":43,"column":1}},"8":{"start":{"line":38,"column":2},"end":{"line":42,"column":3}},"9":{"start":{"line":39,"column":4},"end":{"line":39,"column":45}},"10":{"start":{"line":40,"column":4},"end":{"line":40,"column":38}},"11":{"start":{"line":41,"column":4},"end":{"line":41,"column":23}},"12":{"start":{"line":45,"column":24},"end":{"line":52,"column":1}},"13":{"start":{"line":46,"column":2},"end":{"line":51,"column":3}},"14":{"start":{"line":47,"column":24},"end":{"line":47,"column":66}},"15":{"start":{"line":48,"column":4},"end":{"line":50,"column":5}},"16":{"start":{"line":49,"column":6},"end":{"line":49,"column":32}},"17":{"start":{"line":55,"column":0},"end":{"line":55,"column":55}}},"fnMap":{"0":{"name":"(anonymous_0)","decl":{"start":{"line":27,"column":18},"end":{"line":27,"column":19}},"loc":{"start":{"line":27,"column":30},"end":{"line":35,"column":1}},"line":27},"1":{"name":"(anonymous_1)","decl":{"start":{"line":37,"column":15},"end":{"line":37,"column":16}},"loc":{"start":{"line":37,"column":27},"end":{"line":43,"column":1}},"line":37},"2":{"name":"(anonymous_2)","decl":{"start":{"line":45,"column":24},"end":{"line":45,"column":25}},"loc":{"start":{"line":45,"column":36},"end":{"line":52,"column":1}},"line":45}},"branchMap":{"0":{"loc":{"start":{"line":38,"column":2},"end":{"line":42,"column":3}},"type":"if","locations":[{"start":{"line":38,"column":2},"end":{"line":42,"column":3}},{"start":{},"end":{}}],"line":38},"1":{"loc":{"start":{"line":46,"column":2},"end":{"line":51,"column":3}},"type":"if","locations":[{"start":{"line":46,"column":2},"end":{"line":51,"column":3}},{"start":{},"end":{}}],"line":46}},"s":{"0":1,"1":1,"2":1,"3":1,"4":1,"5":1,"6":1,"7":1,"8":1,"9":1,"10":1,"11":1,"12":1,"13":2,"14":2,"15":2,"16":1,"17":1},"f":{"0":1,"1":1,"2":2},"b":{"0":[1,0],"1":[2,0]},"_coverageSchema":"1a1c01bbd47fc00a2c39e90264f33305004495a9","hash":"62011729b42f998137ab499c8924cb6f68c2e016"}
}
