TN:
SF:server.js
FN:18,(anonymous_0)
FN:25,(anonymous_1)
FNF:2
FNH:1
FNDA:2,(anonymous_0)
FNDA:0,(anonymous_1)
DA:1,2
DA:2,2
DA:3,2
DA:4,2
DA:6,2
DA:7,2
DA:9,2
DA:10,2
DA:14,2
DA:16,2
DA:17,2
DA:18,2
DA:20,2
DA:21,2
DA:22,2
DA:23,2
DA:25,2
DA:26,0
DA:40,2
LF:19
LH:18
BRF:0
BRH:0
end_of_record
TN:
SF:controllers/auth.js
FN:6,register
FN:23,login
FN:30,(anonymous_2)
FNF:3
FNH:0
FNDA:0,register
FNDA:0,login
FNDA:0,(anonymous_2)
DA:1,2
DA:2,2
DA:3,2
DA:7,0
DA:9,0
DA:10,0
DA:11,0
DA:12,0
DA:13,0
DA:14,0
DA:15,0
DA:16,0
DA:17,0
DA:19,0
DA:24,0
DA:25,0
DA:26,0
DA:27,0
DA:28,0
DA:29,0
DA:30,0
DA:31,0
DA:32,0
DA:37,0
DA:38,0
DA:40,0
DA:43,0
DA:48,2
LF:28
LH:4
BRDA:26,0,0,0
BRDA:26,0,1,0
BRDA:28,1,0,0
BRDA:28,1,1,0
BRDA:31,2,0,0
BRDA:31,2,1,0
BRF:6
BRH:0
end_of_record
TN:
SF:controllers/habits.js
FN:4,getAll
FN:14,show
FN:24,create
FN:41,getHabits
FN:50,getHabit
FN:66,editHabit
FN:79,deleteHabit
FNF:7
FNH:6
FNDA:1,getAll
FNDA:1,show
FNDA:0,create
FNDA:1,getHabits
FNDA:1,getHabit
FNDA:1,editHabit
FNDA:1,deleteHabit
DA:1,3
DA:5,1
DA:6,1
DA:7,1
DA:9,0
DA:15,1
DA:16,1
DA:17,0
DA:19,1
DA:25,0
DA:26,0
DA:27,0
DA:29,0
DA:42,1
DA:43,1
DA:44,0
DA:46,1
DA:51,1
DA:52,1
DA:53,0
DA:55,0
DA:56,0
DA:58,0
DA:61,1
DA:67,1
DA:68,1
DA:69,0
DA:73,0
DA:75,1
DA:80,1
DA:81,1
DA:82,0
DA:83,0
DA:85,0
DA:87,0
DA:89,1
DA:93,3
LF:37
LH:20
BRDA:55,0,0,0
BRDA:55,0,1,0
BRDA:55,1,0,0
BRDA:55,1,1,0
BRF:4
BRH:0
end_of_record
TN:
SF:model/model.js
FN:31,(anonymous_0)
FN:38,(anonymous_1)
FNF:2
FNH:1
FNDA:1,(anonymous_0)
FNDA:0,(anonymous_1)
DA:1,4
DA:2,4
DA:4,4
DA:26,4
DA:27,4
DA:28,4
DA:29,4
DA:31,4
DA:32,1
DA:33,1
DA:38,4
DA:39,0
DA:42,0
DA:45,4
DA:47,4
LF:15
LH:13
BRF:0
BRH:0
end_of_record
TN:
SF:routes/auth.js
FNF:0
FNH:0
DA:1,2
DA:2,2
DA:3,2
DA:6,2
DA:7,2
DA:11,2
LF:6
LH:6
BRF:0
BRH:0
end_of_record
TN:
SF:routes/routes.js
FN:15,verifyToken
FN:21,(anonymous_1)
FNF:2
FNH:0
FNDA:0,verifyToken
FNDA:0,(anonymous_1)
DA:1,2
DA:2,2
DA:3,2
DA:4,2
DA:6,2
DA:7,2
DA:9,2
DA:10,2
DA:11,2
DA:12,2
DA:13,2
DA:16,0
DA:19,0
DA:20,0
DA:21,0
DA:22,0
DA:23,0
DA:25,0
DA:26,0
DA:30,0
DA:34,2
LF:21
LH:12
BRDA:20,0,0,0
BRDA:20,0,1,0
BRDA:22,1,0,0
BRDA:22,1,1,0
BRF:4
BRH:0
end_of_record
TN:
SF:test/config.js
FN:16,(anonymous_0)
FN:25,(anonymous_1)
FN:33,(anonymous_2)
FN:43,(anonymous_3)
FNF:4
FNH:4
FNDA:4,(anonymous_0)
FNDA:4,(anonymous_1)
FNDA:13,(anonymous_2)
FNDA:4,(anonymous_3)
DA:1,4
DA:2,4
DA:10,4
DA:16,4
DA:19,4
DA:22,4
DA:24,4
DA:25,4
DA:26,4
DA:27,0
DA:33,4
DA:40,13
DA:43,4
DA:44,4
DA:45,4
DA:48,4
LF:16
LH:15
BRDA:26,0,0,0
BRDA:26,0,1,4
BRF:2
BRH:1
end_of_record
